-------------------------------------------------------------------------------
Test set: com.examly.springapp.CricketerTest
-------------------------------------------------------------------------------
Tests run: 31, Failures: 1, Errors: 0, Skipped: 0, Time elapsed: 7.403 s <<< FAILURE! - in com.examly.springapp.CricketerTest
Week2_Day4_TeamClassRepo  Time elapsed: 0.016 s  <<< FAILURE!
org.opentest4j.AssertionFailedError: expected: <true> but was: <false>
	at com.examly.springapp.CricketerTest.Week2_Day4_TeamClassRepo(CricketerTest.java:308)

